{
  "RSpec": {
    "coverage": {
      "C:/Sun/SoftwareTesting/app/models/user.rb": {
        "lines": [
          1,
          null,
          1,
          null,
          1,
          1,
          1,
          1,
          1,
          null,
          1,
          1,
          1,
          1,
          1,
          null,
          1,
          null,
          1,
          null,
          1,
          null,
          null,
          null,
          1,
          null,
          28,
          null,
          1,
          0,
          null,
          null
        ]
      },
      "C:/Sun/SoftwareTesting/app/models/application_record.rb": {
        "lines": [
          1,
          1,
          null
        ]
      },
      "C:/Sun/SoftwareTesting/app/helpers/admins_helper.rb": {
        "lines": [
          1,
          1,
          0,
          null,
          0,
          null,
          0,
          null,
          0,
          null,
          0,
          null,
          0,
          null,
          null,
          null
        ]
      },
      "C:/Sun/SoftwareTesting/app/helpers/application_helper.rb": {
        "lines": [
          1,
          1,
          0,
          0,
          null,
          null,
          1,
          0,
          null,
          null,
          1,
          62,
          null,
          null,
          1,
          0,
          null,
          null,
          1,
          0,
          null,
          null
        ]
      },
      "C:/Sun/SoftwareTesting/app/helpers/carts_helper.rb": {
        "lines": [
          1,
          1,
          0,
          null,
          null,
          1,
          0,
          0,
          0,
          0,
          null,
          null,
          0,
          null,
          null,
          null,
          1,
          0,
          0,
          null,
          null
        ]
      },
      "C:/Sun/SoftwareTesting/app/controllers/carts_controller.rb": {
        "lines": [
          1,
          1,
          null,
          1,
          null,
          1,
          null,
          1,
          3,
          3,
          null,
          null,
          1,
          0,
          0,
          0,
          null,
          null,
          1,
          0,
          0,
          0,
          null,
          null,
          1,
          null,
          1,
          10,
          8,
          8,
          null,
          2,
          2,
          null,
          null,
          1,
          8,
          8,
          8,
          8,
          8,
          null,
          2,
          2,
          null,
          null,
          1,
          3,
          null,
          null,
          null,
          null,
          null,
          1,
          12,
          12,
          null,
          2,
          2,
          null,
          null,
          1,
          3,
          null,
          3,
          3,
          null,
          null,
          1,
          6,
          null,
          6,
          null,
          0,
          0,
          null,
          null
        ]
      },
      "C:/Sun/SoftwareTesting/app/controllers/application_controller.rb": {
        "lines": [
          1,
          1,
          null,
          1,
          null,
          1,
          null,
          1,
          null,
          1,
          0,
          null,
          0,
          0,
          null,
          null,
          1,
          null,
          1,
          58,
          58,
          0,
          null,
          58,
          null,
          null,
          null,
          1,
          23,
          null,
          null,
          1,
          58,
          null,
          null,
          1,
          0,
          null,
          0,
          0,
          null,
          null
        ]
      },
      "C:/Sun/SoftwareTesting/app/controllers/receipts_controller.rb": {
        "lines": [
          1,
          1,
          1,
          1,
          null,
          1,
          2,
          null,
          null,
          null,
          1,
          4,
          4,
          null,
          2,
          2,
          null,
          null,
          1,
          0,
          0,
          0,
          0,
          null,
          0,
          0,
          null,
          null,
          null,
          1,
          8,
          8,
          6,
          3,
          3,
          null,
          3,
          null,
          6,
          null,
          2,
          2,
          null,
          null,
          null,
          1,
          null,
          1,
          0,
          0,
          0,
          0,
          0,
          0,
          0,
          0,
          0,
          0,
          0,
          0,
          0,
          null,
          null,
          1,
          0,
          0,
          null,
          0,
          0,
          null,
          null,
          1,
          0,
          0,
          null,
          0,
          0,
          null,
          null,
          1,
          0,
          null,
          0,
          null,
          0,
          0,
          null,
          null
        ]
      },
      "C:/Sun/SoftwareTesting/app/controllers/rooms_controller.rb": {
        "lines": [
          1,
          1,
          1,
          null,
          1,
          3,
          3,
          null,
          null,
          1,
          2,
          null,
          null,
          null,
          null,
          2,
          null,
          null,
          1,
          null,
          1,
          5,
          5,
          null,
          2,
          2,
          null,
          null,
          1,
          2,
          null,
          null,
          null,
          null,
          null
        ]
      },
      "C:/Sun/SoftwareTesting/app/controllers/static_pages_controller.rb": {
        "lines": [
          1,
          1,
          1,
          null,
          null,
          1,
          null,
          1,
          null,
          1,
          null
        ]
      },
      "C:/Sun/SoftwareTesting/app/controllers/users_controller.rb": {
        "lines": [
          1,
          1,
          null,
          1,
          null,
          1,
          1,
          4,
          4,
          null,
          2,
          2,
          null,
          null
        ]
      },
      "C:/Sun/SoftwareTesting/app/models/room.rb": {
        "lines": [
          1,
          1,
          1,
          1,
          null,
          1,
          1,
          null,
          65,
          null,
          4,
          1,
          4,
          null,
          1,
          4,
          null,
          1,
          4,
          1,
          null,
          null,
          null,
          null,
          5,
          null
        ]
      },
      "C:/Sun/SoftwareTesting/app/models/receipt.rb": {
        "lines": [
          1,
          1,
          1,
          null,
          1,
          null,
          1,
          1,
          13,
          1,
          2,
          null,
          1,
          2,
          null,
          1,
          6,
          null,
          null,
          null,
          null,
          null
        ]
      },
      "C:/Sun/SoftwareTesting/app/models/furniture.rb": {
        "lines": [
          1,
          1,
          null
        ]
      },
      "C:/Sun/SoftwareTesting/app/channels/application_cable/channel.rb": {
        "lines": [
          0,
          0,
          0,
          0
        ],
        "branches": {
        }
      },
      "C:/Sun/SoftwareTesting/app/channels/application_cable/connection.rb": {
        "lines": [
          0,
          0,
          0,
          0
        ],
        "branches": {
        }
      },
      "C:/Sun/SoftwareTesting/app/controllers/admin/admins_controller.rb": {
        "lines": [
          0,
          0,
          0,
          null,
          0,
          0,
          0,
          0,
          0
        ],
        "branches": {
        }
      },
      "C:/Sun/SoftwareTesting/app/controllers/admin/receipts_controller.rb": {
        "lines": [
          0,
          0,
          0,
          0,
          null,
          0,
          null,
          0,
          null,
          0,
          0,
          0,
          0,
          0,
          0,
          0,
          null,
          0,
          0,
          0,
          0,
          0,
          0,
          0,
          null,
          0,
          null,
          0,
          0,
          0,
          null,
          0,
          0,
          0,
          null,
          0,
          0,
          0,
          null,
          0,
          0,
          0,
          null,
          0,
          0,
          null,
          0,
          0,
          0,
          null,
          0,
          0,
          0,
          0,
          0,
          0
        ],
        "branches": {
        }
      },
      "C:/Sun/SoftwareTesting/app/jobs/application_job.rb": {
        "lines": [
          0,
          0
        ],
        "branches": {
        }
      },
      "C:/Sun/SoftwareTesting/app/mailers/application_mailer.rb": {
        "lines": [
          0,
          0,
          0,
          0,
          0
        ],
        "branches": {
        }
      },
      "C:/Sun/SoftwareTesting/app/mailers/receipt_mailer.rb": {
        "lines": [
          0,
          0,
          0,
          0,
          0,
          0,
          null,
          0,
          0,
          0,
          0,
          0,
          0
        ],
        "branches": {
        }
      },
      "C:/Sun/SoftwareTesting/app/mailers/user_mailer.rb": {
        "lines": [
          0,
          0,
          0,
          0,
          0,
          0
        ],
        "branches": {
        }
      },
      "C:/Sun/SoftwareTesting/app/models/ability.rb": {
        "lines": [
          0,
          0,
          null,
          0,
          0,
          0,
          null,
          0,
          null,
          0,
          0,
          0,
          0,
          null,
          0,
          0,
          0
        ],
        "branches": {
        }
      },
      "C:/Sun/SoftwareTesting/app/models/working_shift.rb": {
        "lines": [
          0,
          0,
          0
        ],
        "branches": {
        }
      },
      "C:/Sun/SoftwareTesting/app/models/working_shift_staff.rb": {
        "lines": [
          0,
          0,
          0,
          0
        ],
        "branches": {
        }
      }
    },
    "timestamp": 1635500623
  }
}
